c:\users\sb15\desktop\workspace\pjt_tetris_winapi\pjt_tetris\pjt_tetris\debug\vc143.pdb
c:\users\sb15\desktop\workspace\pjt_tetris_winapi\pjt_tetris\pjt_tetris\debug\vc143.idb
c:\users\sb15\desktop\workspace\pjt_tetris_winapi\pjt_tetris\pjt_tetris\debug\singletone.obj
c:\users\sb15\desktop\workspace\pjt_tetris_winapi\pjt_tetris\pjt_tetris\debug\pjttetrismain.obj
c:\users\sb15\desktop\workspace\pjt_tetris_winapi\pjt_tetris\pjt_tetris\debug\gamescenemanager.obj
c:\users\sb15\desktop\workspace\pjt_tetris_winapi\pjt_tetris\pjt_tetris\debug\gamemanager.obj
c:\users\sb15\desktop\workspace\pjt_tetris_winapi\pjt_tetris\pjt_tetris\debug\brickmanager.obj
c:\users\sb15\desktop\workspace\pjt_tetris_winapi\pjt_tetris\pjt_tetris\debug\bitmapmanager.obj
c:\users\sb15\desktop\workspace\pjt_tetris_winapi\pjt_tetris\pjt_tetris\debug\bitmap.obj
c:\users\sb15\desktop\workspace\pjt_tetris_winapi\pjt_tetris\debug\pjt_tetris.exe
c:\users\sb15\desktop\workspace\pjt_tetris_winapi\pjt_tetris\pjt_tetris\debug\pjt_tetris.ilk
c:\users\sb15\desktop\workspace\pjt_tetris_winapi\pjt_tetris\debug\pjt_tetris.pdb
c:\users\sb15\desktop\workspace\pjt_tetris_winapi\pjt_tetris\pjt_tetris\debug\pjt_tetris.res
c:\users\sb15\desktop\workspace\pjt_tetris_winapi\pjt_tetris\pjt_tetris\debug\pjt_tetris.tlog\cl.command.1.tlog
c:\users\sb15\desktop\workspace\pjt_tetris_winapi\pjt_tetris\pjt_tetris\debug\pjt_tetris.tlog\cl.read.1.tlog
c:\users\sb15\desktop\workspace\pjt_tetris_winapi\pjt_tetris\pjt_tetris\debug\pjt_tetris.tlog\cl.write.1.tlog
c:\users\sb15\desktop\workspace\pjt_tetris_winapi\pjt_tetris\pjt_tetris\debug\pjt_tetris.tlog\link.command.1.tlog
c:\users\sb15\desktop\workspace\pjt_tetris_winapi\pjt_tetris\pjt_tetris\debug\pjt_tetris.tlog\link.read.1.tlog
c:\users\sb15\desktop\workspace\pjt_tetris_winapi\pjt_tetris\pjt_tetris\debug\pjt_tetris.tlog\link.write.1.tlog
c:\users\sb15\desktop\workspace\pjt_tetris_winapi\pjt_tetris\pjt_tetris\debug\pjt_tetris.tlog\rc.command.1.tlog
c:\users\sb15\desktop\workspace\pjt_tetris_winapi\pjt_tetris\pjt_tetris\debug\pjt_tetris.tlog\rc.read.1.tlog
c:\users\sb15\desktop\workspace\pjt_tetris_winapi\pjt_tetris\pjt_tetris\debug\pjt_tetris.tlog\rc.write.1.tlog
